<?xml version="1.0" encoding="UTF-8"?>
<!-- Generated by org.testng.reporters.JUnitReportReporter -->
<testsuite hostname="DESKTOP-JJM95Q6" failures="0" tests="3" name="testCases.TC_loginTest_001" time="8.632" errors="0" timestamp="2022-03-04T16:00:30 EST" skipped="0">
  <testcase classname="testCases.TC_loginTest_001" name="loginTest3" time="1.519"/>
  <system-out/>
  <testcase classname="testCases.TC_loginTest_001" name="loginTest2" time="2.338"/>
  <system-out/>
  <testcase classname="testCases.TC_loginTest_001" name="loginTest1" time="4.775"/>
  <system-out/>
</testsuite> <!-- testCases.TC_loginTest_001 -->
