<?xml version="1.0" encoding="UTF-8"?>
<!-- Generated by org.testng.reporters.JUnitReportReporter -->
<testsuite hostname="DESKTOP-JJM95Q6" failures="0" tests="2" name="com.testing.DataDrivenTesting.DatabaseConnection" time="0.013" errors="0" timestamp="2022-02-28T14:50:18 EST" skipped="0">
  <testcase classname="com.testing.DataDrivenTesting.DatabaseConnection" name="test1" time="0.008"/>
  <system-out/>
  <testcase classname="com.testing.DataDrivenTesting.DatabaseConnection" name="test1" time="0.005"/>
  <system-out/>
</testsuite> <!-- com.testing.DataDrivenTesting.DatabaseConnection -->
